[07-Oct-2016 11:34:23 Pacific/Auckland] calling getServiceCustomFields with sid 7 and csid 
[07-Oct-2016 11:34:23 Pacific/Auckland] calling getServiceCustomFields with sid 3 and csid 
[10-Oct-2016 16:03:37 Pacific/Auckland] PHP Fatal error:  Uncaught Error: Call to undefined function getServiceCustomFields() in /var/www/peter.dev.roboticaccounting.com/public_html/includes/customfieldfunctions.php:12
Stack trace:
#0 /var/www/peter.dev.roboticaccounting.com/public_html/includes/clientfunctions.php(116): getCustomFields('client', '', '2', 'on')
#1 /var/www/peter.dev.roboticaccounting.com/public_html/includes/clientareafunctions.php(79): getClientsDetails()
#2 /var/www/peter.dev.roboticaccounting.com/public_html/testingpage.php(9): initialiseClientArea()
#3 {main}
  thrown in /var/www/peter.dev.roboticaccounting.com/public_html/includes/customfieldfunctions.php on line 12
[10-Oct-2016 16:03:37 Pacific/Auckland] PHP Fatal error:  Uncaught Error: Call to undefined function getServiceCustomFields() in /var/www/peter.dev.roboticaccounting.com/public_html/includes/customfieldfunctions.php:12
Stack trace:
#0 /var/www/peter.dev.roboticaccounting.com/public_html/includes/clientfunctions.php(116): getCustomFields('client', '', '2', 'on')
#1 /var/www/peter.dev.roboticaccounting.com/public_html/includes/clientareafunctions.php(79): getClientsDetails()
#2 /var/www/peter.dev.roboticaccounting.com/public_html/testingpage.php(9): initialiseClientArea()
#3 {main}
  thrown in /var/www/peter.dev.roboticaccounting.com/public_html/includes/customfieldfunctions.php on line 12
[10-Oct-2016 16:04:16 Pacific/Auckland] PHP Fatal error:  Uncaught Error: Call to undefined function getServiceCustomFields() in /var/www/peter.dev.roboticaccounting.com/public_html/includes/customfieldfunctions.php:12
Stack trace:
#0 /var/www/peter.dev.roboticaccounting.com/public_html/includes/clientfunctions.php(116): getCustomFields('client', '', '2', 'on')
#1 /var/www/peter.dev.roboticaccounting.com/public_html/includes/clientareafunctions.php(79): getClientsDetails()
#2 /var/www/peter.dev.roboticaccounting.com/public_html/testingpage.php(9): initialiseClientArea()
#3 {main}
  thrown in /var/www/peter.dev.roboticaccounting.com/public_html/includes/customfieldfunctions.php on line 12
[10-Oct-2016 16:06:40 Pacific/Auckland] PHP Fatal error:  Uncaught Error: Call to undefined function getServiceCustomFields() in /var/www/peter.dev.roboticaccounting.com/public_html/includes/customfieldfunctions.php:14
Stack trace:
#0 /var/www/peter.dev.roboticaccounting.com/public_html/includes/clientfunctions.php(116): getCustomFields('client', '', '2', 'on')
#1 /var/www/peter.dev.roboticaccounting.com/public_html/includes/clientareafunctions.php(79): getClientsDetails()
#2 /var/www/peter.dev.roboticaccounting.com/public_html/testingpage.php(9): initialiseClientArea()
#3 {main}
  thrown in /var/www/peter.dev.roboticaccounting.com/public_html/includes/customfieldfunctions.php on line 14
[10-Oct-2016 16:07:36 Pacific/Auckland] calling getServiceCustomFields with sid 0 and csid 
[10-Oct-2016 16:07:43 Pacific/Auckland] PHP Fatal error:  Cannot redeclare updateServiceCustomFieldValues() (previously declared in /var/www/peter.dev.roboticaccounting.com/public_html/includes/servicefunctions.php:172) in /var/www/peter.dev.roboticaccounting.com/public_html/includes/servicefunctions.php on line 172
[10-Oct-2016 16:10:38 Pacific/Auckland] PHP Fatal error:  Cannot redeclare updateServiceCustomFieldValues() (previously declared in /var/www/peter.dev.roboticaccounting.com/public_html/includes/servicefunctions.php:172) in /var/www/peter.dev.roboticaccounting.com/public_html/includes/servicefunctions.php on line 172
[10-Oct-2016 16:13:20 Pacific/Auckland] PHP Fatal error:  Cannot redeclare updateServiceCustomFieldValues() (previously declared in /var/www/peter.dev.roboticaccounting.com/public_html/includes/servicefunctions.php:172) in /var/www/peter.dev.roboticaccounting.com/public_html/includes/servicefunctions.php on line 172
[10-Oct-2016 16:13:48 Pacific/Auckland] calling getServiceCustomFields with sid 0 and csid 
[10-Oct-2016 16:13:59 Pacific/Auckland] calling getServiceCustomFields with sid 0 and csid 
[10-Oct-2016 16:14:02 Pacific/Auckland] calling getServiceCustomFields with sid 0 and csid 
[10-Oct-2016 16:14:02 Pacific/Auckland] PHP Fatal error:  Cannot redeclare updateServiceCustomFieldValues() (previously declared in /var/www/peter.dev.roboticaccounting.com/public_html/includes/servicefunctions.php:172) in /var/www/peter.dev.roboticaccounting.com/public_html/includes/servicefunctions.php on line 172
[10-Oct-2016 16:14:06 Pacific/Auckland] calling getServiceCustomFields with sid 0 and csid 
[10-Oct-2016 16:14:06 Pacific/Auckland] PHP Fatal error:  Cannot redeclare updateServiceCustomFieldValues() (previously declared in /var/www/peter.dev.roboticaccounting.com/public_html/includes/servicefunctions.php:172) in /var/www/peter.dev.roboticaccounting.com/public_html/includes/servicefunctions.php on line 172
[10-Oct-2016 16:14:12 Pacific/Auckland] calling getServiceCustomFields with sid 0 and csid 
[10-Oct-2016 16:14:12 Pacific/Auckland] PHP Fatal error:  Cannot redeclare updateServiceCustomFieldValues() (previously declared in /var/www/peter.dev.roboticaccounting.com/public_html/includes/servicefunctions.php:172) in /var/www/peter.dev.roboticaccounting.com/public_html/includes/servicefunctions.php on line 172
[10-Oct-2016 16:14:16 Pacific/Auckland] PHP Fatal error:  Cannot redeclare updateServiceCustomFieldValues() (previously declared in /var/www/peter.dev.roboticaccounting.com/public_html/includes/servicefunctions.php:172) in /var/www/peter.dev.roboticaccounting.com/public_html/includes/servicefunctions.php on line 172
[10-Oct-2016 16:15:03 Pacific/Auckland] PHP Fatal error:  Cannot redeclare updateServiceCustomFieldValues() (previously declared in /var/www/peter.dev.roboticaccounting.com/public_html/includes/servicefunctions.php:172) in /var/www/peter.dev.roboticaccounting.com/public_html/includes/servicefunctions.php on line 172
[10-Oct-2016 16:15:05 Pacific/Auckland] PHP Fatal error:  Cannot redeclare updateServiceCustomFieldValues() (previously declared in /var/www/peter.dev.roboticaccounting.com/public_html/includes/servicefunctions.php:172) in /var/www/peter.dev.roboticaccounting.com/public_html/includes/servicefunctions.php on line 172
[10-Oct-2016 16:15:13 Pacific/Auckland] PHP Fatal error:  Cannot redeclare getServiceData() (previously declared in /var/www/peter.dev.roboticaccounting.com/public_html/includes/servicefunctions.php:5) in /var/www/peter.dev.roboticaccounting.com/public_html/includes/servicefunctions.php on line 41
[10-Oct-2016 16:34:38 Pacific/Auckland] PHP Fatal error:  Cannot redeclare updateServiceCustomFieldValues() (previously declared in /var/www/peter.dev.roboticaccounting.com/public_html/includes/servicefunctions.php:172) in /var/www/peter.dev.roboticaccounting.com/public_html/includes/servicefunctions.php on line 172
[10-Oct-2016 16:41:37 Pacific/Auckland] calling getServiceCustomFields with sid 0 and csid 
[10-Oct-2016 16:41:37 Pacific/Auckland] calling getServiceCustomFields with sid 0 and csid 
[10-Oct-2016 16:41:37 Pacific/Auckland] calling getServiceCustomFields with sid 7 and csid 
[10-Oct-2016 16:41:37 Pacific/Auckland] calling getServiceCustomFields with sid 3 and csid 
[10-Oct-2016 16:41:43 Pacific/Auckland] calling getServiceCustomFields with sid 0 and csid 
[10-Oct-2016 16:41:43 Pacific/Auckland] calling getServiceCustomFields with sid 0 and csid 
[10-Oct-2016 16:41:43 Pacific/Auckland] calling getServiceCustomFields with sid 7 and csid 
[10-Oct-2016 16:41:43 Pacific/Auckland] calling getServiceCustomFields with sid 3 and csid 
[10-Oct-2016 16:41:46 Pacific/Auckland] PHP Fatal error:  Uncaught Error: Call to undefined function getServiceCustomFields() in /var/www/peter.dev.roboticaccounting.com/public_html/includes/customfieldfunctions.php:14
Stack trace:
#0 /var/www/peter.dev.roboticaccounting.com/public_html/includes/clientfunctions.php(116): getCustomFields('client', '', '2', 'on')
#1 /var/www/peter.dev.roboticaccounting.com/public_html/includes/clientareafunctions.php(79): getClientsDetails()
#2 /var/www/peter.dev.roboticaccounting.com/public_html/testingpage.php(9): initialiseClientArea()
#3 {main}
  thrown in /var/www/peter.dev.roboticaccounting.com/public_html/includes/customfieldfunctions.php on line 14
[10-Oct-2016 16:44:12 Pacific/Auckland] calling getServiceCustomFields with sid 0 and csid 
[10-Oct-2016 16:44:16 Pacific/Auckland] calling getServiceCustomFields with sid 0 and csid 
[10-Oct-2016 16:44:16 Pacific/Auckland] calling getServiceCustomFields with sid 0 and csid 
[10-Oct-2016 16:44:16 Pacific/Auckland] calling getServiceCustomFields with sid 7 and csid 
[10-Oct-2016 16:44:16 Pacific/Auckland] calling getServiceCustomFields with sid 3 and csid 
[10-Oct-2016 16:44:21 Pacific/Auckland] calling getServiceCustomFields with sid 0 and csid 
[10-Oct-2016 16:44:21 Pacific/Auckland] calling getServiceCustomFields with sid 0 and csid 
[10-Oct-2016 16:44:21 Pacific/Auckland] calling getServiceCustomFields with sid 7 and csid 
[10-Oct-2016 16:44:21 Pacific/Auckland] calling getServiceCustomFields with sid 3 and csid 
[10-Oct-2016 16:44:21 Pacific/Auckland] calling getServiceCustomFields with sid 0 and csid 
[10-Oct-2016 16:45:07 Pacific/Auckland] calling getServiceCustomFields with sid 0 and csid 
[10-Oct-2016 16:45:12 Pacific/Auckland] calling getServiceCustomFields with sid 0 and csid 
[10-Oct-2016 16:45:16 Pacific/Auckland] calling getServiceCustomFields with sid 0 and csid 
[10-Oct-2016 16:45:16 Pacific/Auckland] calling getServiceCustomFields with sid 0 and csid 
[10-Oct-2016 16:45:16 Pacific/Auckland] calling getServiceCustomFields with sid 7 and csid 
[10-Oct-2016 16:45:16 Pacific/Auckland] calling getServiceCustomFields with sid 3 and csid 
[10-Oct-2016 16:45:25 Pacific/Auckland] calling getServiceCustomFields with sid 0 and csid 
[10-Oct-2016 16:45:25 Pacific/Auckland] calling getServiceCustomFields with sid 0 and csid 
[10-Oct-2016 16:45:25 Pacific/Auckland] calling getServiceCustomFields with sid 7 and csid 
[10-Oct-2016 16:45:25 Pacific/Auckland] calling getServiceCustomFields with sid 3 and csid 
[10-Oct-2016 16:45:26 Pacific/Auckland] calling getServiceCustomFields with sid 0 and csid 
[10-Oct-2016 16:45:26 Pacific/Auckland] calling getServiceCustomFields with sid 0 and csid 
[10-Oct-2016 16:45:26 Pacific/Auckland] calling getServiceCustomFields with sid 3 and csid 
[10-Oct-2016 16:45:31 Pacific/Auckland] calling getServiceCustomFields with sid 0 and csid 
[10-Oct-2016 16:45:31 Pacific/Auckland] calling getServiceCustomFields with sid 0 and csid 
[10-Oct-2016 16:45:31 Pacific/Auckland] calling getServiceCustomFields with sid 3 and csid 
[10-Oct-2016 16:45:31 Pacific/Auckland] calling getServiceCustomFields with sid 0 and csid 
[10-Oct-2016 16:46:35 Pacific/Auckland] calling getServiceCustomFields with sid 0 and csid 
[10-Oct-2016 16:46:38 Pacific/Auckland] calling getServiceCustomFields with sid 0 and csid 
[10-Oct-2016 16:46:38 Pacific/Auckland] calling getServiceCustomFields with sid 0 and csid 
[10-Oct-2016 16:46:38 Pacific/Auckland] calling getServiceCustomFields with sid 3 and csid 
[10-Oct-2016 16:46:50 Pacific/Auckland] calling getServiceCustomFields with sid 0 and csid 
[10-Oct-2016 16:46:50 Pacific/Auckland] calling getServiceCustomFields with sid 0 and csid 
[10-Oct-2016 16:46:50 Pacific/Auckland] calling getServiceCustomFields with sid 3 and csid 
[10-Oct-2016 16:46:51 Pacific/Auckland] calling getServiceCustomFields with sid 0 and csid 
[10-Oct-2016 16:46:51 Pacific/Auckland] calling getServiceCustomFields with sid 0 and csid 
[10-Oct-2016 16:46:51 Pacific/Auckland] calling getServiceCustomFields with sid 3 and csid 
[10-Oct-2016 16:46:51 Pacific/Auckland] calling getServiceCustomFields with sid 0 and csid 
[10-Oct-2016 16:47:01 Pacific/Auckland] calling getServiceCustomFields with sid 0 and csid 
[10-Oct-2016 16:47:06 Pacific/Auckland] calling getServiceCustomFields with sid 0 and csid 
[10-Oct-2016 16:47:06 Pacific/Auckland] calling getServiceCustomFields with sid 0 and csid 
[10-Oct-2016 16:47:06 Pacific/Auckland] calling getServiceCustomFields with sid 3 and csid 
[10-Oct-2016 16:47:11 Pacific/Auckland] calling getServiceCustomFields with sid 0 and csid 
[10-Oct-2016 16:47:11 Pacific/Auckland] calling getServiceCustomFields with sid 0 and csid 
[10-Oct-2016 16:47:11 Pacific/Auckland] calling getServiceCustomFields with sid 3 and csid 
[10-Oct-2016 16:47:12 Pacific/Auckland] calling getServiceCustomFields with sid 0 and csid 
[10-Oct-2016 16:47:24 Pacific/Auckland] calling getServiceCustomFields with sid 0 and csid 
[10-Oct-2016 16:47:25 Pacific/Auckland] calling getServiceCustomFields with sid 0 and csid 
[10-Oct-2016 16:47:25 Pacific/Auckland] calling getServiceCustomFields with sid 0 and csid 
[10-Oct-2016 16:47:44 Pacific/Auckland] calling getServiceCustomFields with sid 0 and csid 
[10-Oct-2016 16:47:44 Pacific/Auckland] calling getServiceCustomFields with sid 3 and csid 
[11-Oct-2016 12:00:26 Pacific/Auckland] calling getServiceCustomFields with sid 0 and csid 
[11-Oct-2016 12:00:27 Pacific/Auckland] calling getServiceCustomFields with sid 7 and csid 
[11-Oct-2016 12:00:27 Pacific/Auckland] calling getServiceCustomFields with sid 3 and csid 
[11-Oct-2016 12:01:06 Pacific/Auckland] calling getServiceCustomFields with sid 0 and csid 
[11-Oct-2016 12:01:06 Pacific/Auckland] calling getServiceCustomFields with sid 7 and csid 
[11-Oct-2016 12:01:06 Pacific/Auckland] calling getServiceCustomFields with sid 3 and csid 
[11-Oct-2016 12:01:08 Pacific/Auckland] calling getServiceCustomFields with sid 0 and csid 
[11-Oct-2016 12:01:08 Pacific/Auckland] calling getServiceCustomFields with sid 0 and csid 
[11-Oct-2016 12:01:08 Pacific/Auckland] calling getServiceCustomFields with sid 7 and csid 
[11-Oct-2016 12:01:08 Pacific/Auckland] calling getServiceCustomFields with sid 3 and csid 
[11-Oct-2016 12:01:12 Pacific/Auckland] calling getServiceCustomFields with sid 0 and csid 
[11-Oct-2016 12:01:12 Pacific/Auckland] calling getServiceCustomFields with sid 0 and csid 
[11-Oct-2016 12:01:12 Pacific/Auckland] calling getServiceCustomFields with sid 7 and csid 
[11-Oct-2016 12:01:12 Pacific/Auckland] calling getServiceCustomFields with sid 3 and csid 
[11-Oct-2016 12:02:15 Pacific/Auckland] calling getServiceCustomFields with sid 0 and csid 
[11-Oct-2016 12:02:15 Pacific/Auckland] calling getServiceCustomFields with sid 0 and csid 
[11-Oct-2016 12:02:15 Pacific/Auckland] calling getServiceCustomFields with sid 7 and csid 
[11-Oct-2016 12:02:15 Pacific/Auckland] calling getServiceCustomFields with sid 3 and csid 
[11-Oct-2016 12:02:25 Pacific/Auckland] calling getServiceCustomFields with sid 0 and csid 
[11-Oct-2016 12:02:25 Pacific/Auckland] calling getServiceCustomFields with sid 0 and csid 
[11-Oct-2016 12:02:25 Pacific/Auckland] calling getServiceCustomFields with sid 7 and csid 
[11-Oct-2016 12:02:25 Pacific/Auckland] calling getServiceCustomFields with sid 3 and csid 
[11-Oct-2016 12:02:29 Pacific/Auckland] calling getServiceCustomFields with sid 0 and csid 
[11-Oct-2016 12:02:49 Pacific/Auckland] calling getServiceCustomFields with sid 0 and csid 
[11-Oct-2016 12:03:01 Pacific/Auckland] calling getServiceCustomFields with sid 0 and csid 
[11-Oct-2016 12:03:01 Pacific/Auckland] calling getServiceCustomFields with sid 7 and csid 
[11-Oct-2016 12:03:01 Pacific/Auckland] calling getServiceCustomFields with sid 3 and csid 
[11-Oct-2016 12:03:10 Pacific/Auckland] calling getServiceCustomFields with sid 0 and csid 
[11-Oct-2016 12:03:10 Pacific/Auckland] calling getServiceCustomFields with sid 7 and csid 
[11-Oct-2016 12:03:10 Pacific/Auckland] calling getServiceCustomFields with sid 3 and csid 
[11-Oct-2016 12:03:34 Pacific/Auckland] calling getServiceCustomFields with sid 0 and csid 
[11-Oct-2016 12:03:34 Pacific/Auckland] calling getServiceCustomFields with sid 7 and csid 
[11-Oct-2016 12:03:34 Pacific/Auckland] calling getServiceCustomFields with sid 3 and csid 
[11-Oct-2016 12:03:35 Pacific/Auckland] calling getServiceCustomFields with sid 0 and csid 
[11-Oct-2016 12:03:35 Pacific/Auckland] calling getServiceCustomFields with sid 0 and csid 
[11-Oct-2016 12:03:35 Pacific/Auckland] calling getServiceCustomFields with sid 7 and csid 
[11-Oct-2016 12:03:35 Pacific/Auckland] calling getServiceCustomFields with sid 3 and csid 
[11-Oct-2016 12:03:54 Pacific/Auckland] calling getServiceCustomFields with sid 0 and csid 
[11-Oct-2016 12:03:54 Pacific/Auckland] calling getServiceCustomFields with sid 0 and csid 
[11-Oct-2016 12:03:58 Pacific/Auckland] calling getServiceCustomFields with sid 0 and csid 
[11-Oct-2016 12:03:58 Pacific/Auckland] calling getServiceCustomFields with sid 0 and csid 
[11-Oct-2016 12:03:58 Pacific/Auckland] calling getServiceCustomFields with sid 7 and csid 
[11-Oct-2016 12:03:58 Pacific/Auckland] calling getServiceCustomFields with sid 3 and csid 
[11-Oct-2016 12:04:04 Pacific/Auckland] calling getServiceCustomFields with sid 0 and csid 
[11-Oct-2016 12:04:14 Pacific/Auckland] calling getServiceCustomFields with sid 0 and csid 
[11-Oct-2016 12:04:14 Pacific/Auckland] calling getServiceCustomFields with sid 0 and csid 
[11-Oct-2016 12:04:19 Pacific/Auckland] calling getServiceCustomFields with sid 0 and csid 
[11-Oct-2016 12:04:19 Pacific/Auckland] calling getServiceCustomFields with sid 0 and csid 
[11-Oct-2016 12:04:19 Pacific/Auckland] calling getServiceCustomFields with sid 7 and csid 
[11-Oct-2016 12:04:19 Pacific/Auckland] calling getServiceCustomFields with sid 3 and csid 
[11-Oct-2016 12:05:27 Pacific/Auckland] calling getServiceCustomFields with sid 0 and csid 
[11-Oct-2016 12:06:37 Pacific/Auckland] calling getServiceCustomFields with sid 0 and csid 
[11-Oct-2016 12:06:37 Pacific/Auckland] calling getServiceCustomFields with sid 7 and csid 
[11-Oct-2016 12:06:37 Pacific/Auckland] calling getServiceCustomFields with sid 3 and csid 
[11-Oct-2016 12:06:57 Pacific/Auckland] calling getServiceCustomFields with sid 0 and csid 
[11-Oct-2016 12:06:57 Pacific/Auckland] calling getServiceCustomFields with sid 7 and csid 
[11-Oct-2016 12:06:57 Pacific/Auckland] calling getServiceCustomFields with sid 3 and csid 
[11-Oct-2016 12:06:57 Pacific/Auckland] calling getServiceCustomFields with sid 0 and csid 
[11-Oct-2016 12:06:57 Pacific/Auckland] calling getServiceCustomFields with sid 0 and csid 
[11-Oct-2016 12:06:57 Pacific/Auckland] calling getServiceCustomFields with sid 7 and csid 
[11-Oct-2016 12:06:57 Pacific/Auckland] calling getServiceCustomFields with sid 3 and csid 
[11-Oct-2016 12:11:03 Pacific/Auckland] PHP Parse error:  syntax error, unexpected '}', expecting ';' in /var/www/peter.dev.roboticaccounting.com/public_html/includes/dbfunctions.php on line 256
[11-Oct-2016 12:11:10 Pacific/Auckland] calling getServiceCustomFields with sid 0 and csid 
[11-Oct-2016 12:11:14 Pacific/Auckland] calling getServiceCustomFields with sid 0 and csid 
[11-Oct-2016 12:11:24 Pacific/Auckland] calling getServiceCustomFields with sid 0 and csid 
[11-Oct-2016 12:11:24 Pacific/Auckland] calling getServiceCustomFields with sid 7 and csid 
[11-Oct-2016 12:11:24 Pacific/Auckland] calling getServiceCustomFields with sid 3 and csid 
[11-Oct-2016 12:11:38 Pacific/Auckland] calling getServiceCustomFields with sid 0 and csid 
[11-Oct-2016 12:11:38 Pacific/Auckland] calling getServiceCustomFields with sid 7 and csid 
[11-Oct-2016 12:11:38 Pacific/Auckland] calling getServiceCustomFields with sid 3 and csid 
[11-Oct-2016 12:11:39 Pacific/Auckland] calling getServiceCustomFields with sid 0 and csid 
[11-Oct-2016 12:11:39 Pacific/Auckland] calling getServiceCustomFields with sid 0 and csid 
[11-Oct-2016 12:11:39 Pacific/Auckland] calling getServiceCustomFields with sid 0 and csid 
[11-Oct-2016 12:11:39 Pacific/Auckland] calling getServiceCustomFields with sid 7 and csid 
[11-Oct-2016 12:11:39 Pacific/Auckland] calling getServiceCustomFields with sid 3 and csid 
[11-Oct-2016 12:12:05 Pacific/Auckland] calling getServiceCustomFields with sid 0 and csid 
[11-Oct-2016 12:12:05 Pacific/Auckland] calling getServiceCustomFields with sid 0 and csid 
[11-Oct-2016 12:12:05 Pacific/Auckland] calling getServiceCustomFields with sid 7 and csid 
[11-Oct-2016 12:12:05 Pacific/Auckland] calling getServiceCustomFields with sid 3 and csid 
[11-Oct-2016 12:12:06 Pacific/Auckland] calling getServiceCustomFields with sid 0 and csid 
[11-Oct-2016 12:12:06 Pacific/Auckland] calling getServiceCustomFields with sid 0 and csid 
[11-Oct-2016 12:12:06 Pacific/Auckland] calling getServiceCustomFields with sid 3 and csid 
[11-Oct-2016 12:12:06 Pacific/Auckland] calling getServiceCustomFields with sid 0 and csid 
[11-Oct-2016 12:12:26 Pacific/Auckland] calling getServiceCustomFields with sid 0 and csid 
[11-Oct-2016 12:12:26 Pacific/Auckland] calling getServiceCustomFields with sid 0 and csid 
[11-Oct-2016 12:12:28 Pacific/Auckland] calling getServiceCustomFields with sid 0 and csid 
[11-Oct-2016 12:12:29 Pacific/Auckland] calling getServiceCustomFields with sid 0 and csid 
[11-Oct-2016 12:12:29 Pacific/Auckland] calling getServiceCustomFields with sid 0 and csid 
[11-Oct-2016 12:13:22 Pacific/Auckland] calling getServiceCustomFields with sid 0 and csid 
[11-Oct-2016 12:13:23 Pacific/Auckland] calling getServiceCustomFields with sid 0 and csid 
[11-Oct-2016 12:13:23 Pacific/Auckland] calling getServiceCustomFields with sid 0 and csid 
[11-Oct-2016 12:13:25 Pacific/Auckland] calling getServiceCustomFields with sid 0 and csid 
[11-Oct-2016 12:13:26 Pacific/Auckland] calling getServiceCustomFields with sid 0 and csid 
[11-Oct-2016 12:13:26 Pacific/Auckland] calling getServiceCustomFields with sid 0 and csid 
[11-Oct-2016 12:13:30 Pacific/Auckland] calling getServiceCustomFields with sid 0 and csid 
[11-Oct-2016 12:13:32 Pacific/Auckland] calling getServiceCustomFields with sid 0 and csid 
[11-Oct-2016 12:13:32 Pacific/Auckland] calling getServiceCustomFields with sid 0 and csid 
[11-Oct-2016 12:16:52 Pacific/Auckland] calling getServiceCustomFields with sid 0 and csid 
[11-Oct-2016 12:16:52 Pacific/Auckland] calling getServiceCustomFields with sid 0 and csid 
[11-Oct-2016 12:16:53 Pacific/Auckland] calling getServiceCustomFields with sid 0 and csid 
[11-Oct-2016 12:16:56 Pacific/Auckland] calling getServiceCustomFields with sid 0 and csid 
[11-Oct-2016 12:16:56 Pacific/Auckland] calling getServiceCustomFields with sid 0 and csid 
[11-Oct-2016 12:20:09 Pacific/Auckland] calling getServiceCustomFields with sid 0 and csid 
[11-Oct-2016 12:20:09 Pacific/Auckland] calling getServiceCustomFields with sid 0 and csid 
[11-Oct-2016 12:26:46 Pacific/Auckland] calling getServiceCustomFields with sid 0 and csid 
[11-Oct-2016 12:26:46 Pacific/Auckland] calling getServiceCustomFields with sid 0 and csid 
[11-Oct-2016 12:27:31 Pacific/Auckland] calling getServiceCustomFields with sid 0 and csid 
[11-Oct-2016 12:27:31 Pacific/Auckland] calling getServiceCustomFields with sid 0 and csid 
[11-Oct-2016 12:30:18 Pacific/Auckland] calling getServiceCustomFields with sid 0 and csid 
[11-Oct-2016 12:30:18 Pacific/Auckland] calling getServiceCustomFields with sid 0 and csid 
[11-Oct-2016 12:31:32 Pacific/Auckland] calling getServiceCustomFields with sid 0 and csid 
[11-Oct-2016 12:31:32 Pacific/Auckland] calling getServiceCustomFields with sid 0 and csid 
[11-Oct-2016 12:32:14 Pacific/Auckland] calling getServiceCustomFields with sid 0 and csid 
[11-Oct-2016 12:32:14 Pacific/Auckland] calling getServiceCustomFields with sid 0 and csid 
[11-Oct-2016 12:32:24 Pacific/Auckland] calling getServiceCustomFields with sid 0 and csid 
[11-Oct-2016 12:32:24 Pacific/Auckland] calling getServiceCustomFields with sid 0 and csid 
[11-Oct-2016 12:32:39 Pacific/Auckland] calling getServiceCustomFields with sid 0 and csid 
[11-Oct-2016 12:32:39 Pacific/Auckland] calling getServiceCustomFields with sid 0 and csid 
[11-Oct-2016 12:33:00 Pacific/Auckland] calling getServiceCustomFields with sid 0 and csid 
[11-Oct-2016 12:33:00 Pacific/Auckland] calling getServiceCustomFields with sid 0 and csid 
[11-Oct-2016 12:34:03 Pacific/Auckland] calling getServiceCustomFields with sid 0 and csid 
[11-Oct-2016 12:34:04 Pacific/Auckland] calling getServiceCustomFields with sid 0 and csid 
[11-Oct-2016 12:34:04 Pacific/Auckland] calling getServiceCustomFields with sid 0 and csid 
[11-Oct-2016 13:27:44 Pacific/Auckland] calling getServiceCustomFields with sid 0 and csid 
[11-Oct-2016 13:27:44 Pacific/Auckland] calling getServiceCustomFields with sid 0 and csid 
[11-Oct-2016 13:30:28 Pacific/Auckland] calling getServiceCustomFields with sid 0 and csid 
[11-Oct-2016 13:30:28 Pacific/Auckland] calling getServiceCustomFields with sid 0 and csid 
[11-Oct-2016 13:30:44 Pacific/Auckland] calling getServiceCustomFields with sid 0 and csid 
[11-Oct-2016 13:30:44 Pacific/Auckland] calling getServiceCustomFields with sid 0 and csid 
[11-Oct-2016 13:30:44 Pacific/Auckland] calling getServiceCustomFields with sid 0 and csid 
[11-Oct-2016 13:30:47 Pacific/Auckland] calling getServiceCustomFields with sid 0 and csid 
[11-Oct-2016 13:30:47 Pacific/Auckland] calling getServiceCustomFields with sid 0 and csid 
[11-Oct-2016 13:30:47 Pacific/Auckland] calling getServiceCustomFields with sid 0 and csid 
[11-Oct-2016 13:30:49 Pacific/Auckland] calling getServiceCustomFields with sid 0 and csid 
[11-Oct-2016 13:31:00 Pacific/Auckland] calling getServiceCustomFields with sid 0 and csid 
[11-Oct-2016 13:31:00 Pacific/Auckland] calling getServiceCustomFields with sid 0 and csid 
[11-Oct-2016 13:31:05 Pacific/Auckland] calling getServiceCustomFields with sid 0 and csid 
[11-Oct-2016 13:31:05 Pacific/Auckland] calling getServiceCustomFields with sid 0 and csid 
[11-Oct-2016 13:31:05 Pacific/Auckland] calling getServiceCustomFields with sid 0 and csid 
[11-Oct-2016 13:31:07 Pacific/Auckland] calling getServiceCustomFields with sid 0 and csid 
[11-Oct-2016 13:31:07 Pacific/Auckland] calling getServiceCustomFields with sid 0 and csid 
[11-Oct-2016 13:31:07 Pacific/Auckland] calling getServiceCustomFields with sid 0 and csid 
[11-Oct-2016 13:31:10 Pacific/Auckland] calling getServiceCustomFields with sid 0 and csid 
[11-Oct-2016 13:31:35 Pacific/Auckland] calling getServiceCustomFields with sid 0 and csid 
[11-Oct-2016 13:31:37 Pacific/Auckland] calling getServiceCustomFields with sid 0 and csid 
[11-Oct-2016 13:31:37 Pacific/Auckland] calling getServiceCustomFields with sid 0 and csid 
[11-Oct-2016 13:31:37 Pacific/Auckland] calling getServiceCustomFields with sid 0 and csid 
[11-Oct-2016 13:31:40 Pacific/Auckland] calling getServiceCustomFields with sid 0 and csid 
[11-Oct-2016 13:31:46 Pacific/Auckland] calling getServiceCustomFields with sid 0 and csid 
[11-Oct-2016 13:33:51 Pacific/Auckland] calling getServiceCustomFields with sid 0 and csid 
[11-Oct-2016 13:34:48 Pacific/Auckland] calling getServiceCustomFields with sid 0 and csid 
[11-Oct-2016 13:37:01 Pacific/Auckland] calling getServiceCustomFields with sid 0 and csid 
[11-Oct-2016 13:37:11 Pacific/Auckland] calling getServiceCustomFields with sid 0 and csid 
[11-Oct-2016 13:37:11 Pacific/Auckland] calling getServiceCustomFields with sid 0 and csid 
[11-Oct-2016 13:37:11 Pacific/Auckland] calling getServiceCustomFields with sid 0 and csid 
[11-Oct-2016 13:37:14 Pacific/Auckland] calling getServiceCustomFields with sid 0 and csid 
[11-Oct-2016 13:38:22 Pacific/Auckland] calling getServiceCustomFields with sid 0 and csid 
[11-Oct-2016 13:39:20 Pacific/Auckland] calling getServiceCustomFields with sid 0 and csid 
[11-Oct-2016 13:39:22 Pacific/Auckland] calling getServiceCustomFields with sid 0 and csid 
[11-Oct-2016 13:39:23 Pacific/Auckland] calling getServiceCustomFields with sid 0 and csid 
[11-Oct-2016 13:39:42 Pacific/Auckland] calling getServiceCustomFields with sid 0 and csid 
[11-Oct-2016 13:39:48 Pacific/Auckland] calling getServiceCustomFields with sid 0 and csid 
[11-Oct-2016 13:39:58 Pacific/Auckland] calling getServiceCustomFields with sid 0 and csid 
[11-Oct-2016 13:41:30 Pacific/Auckland] calling getServiceCustomFields with sid 0 and csid 
[11-Oct-2016 13:41:30 Pacific/Auckland] calling getServiceCustomFields with sid 0 and csid 
[11-Oct-2016 13:41:30 Pacific/Auckland] calling getServiceCustomFields with sid 0 and csid 
[11-Oct-2016 13:41:32 Pacific/Auckland] calling getServiceCustomFields with sid 0 and csid 
[11-Oct-2016 13:41:34 Pacific/Auckland] calling getServiceCustomFields with sid 0 and csid 
[11-Oct-2016 13:41:35 Pacific/Auckland] calling getServiceCustomFields with sid 0 and csid 
[11-Oct-2016 13:41:36 Pacific/Auckland] calling getServiceCustomFields with sid 0 and csid 
[11-Oct-2016 13:41:36 Pacific/Auckland] calling getServiceCustomFields with sid 0 and csid 
[11-Oct-2016 13:41:37 Pacific/Auckland] calling getServiceCustomFields with sid 0 and csid 
[11-Oct-2016 13:41:37 Pacific/Auckland] calling getServiceCustomFields with sid 0 and csid 
[11-Oct-2016 13:41:38 Pacific/Auckland] calling getServiceCustomFields with sid 0 and csid 
[11-Oct-2016 13:43:33 Pacific/Auckland] calling getServiceCustomFields with sid 0 and csid 
[11-Oct-2016 13:43:35 Pacific/Auckland] calling getServiceCustomFields with sid 0 and csid 
[11-Oct-2016 13:43:36 Pacific/Auckland] calling getServiceCustomFields with sid 0 and csid 
[11-Oct-2016 13:43:37 Pacific/Auckland] calling getServiceCustomFields with sid 0 and csid 
[11-Oct-2016 13:43:38 Pacific/Auckland] calling getServiceCustomFields with sid 0 and csid 
[11-Oct-2016 13:43:38 Pacific/Auckland] calling getServiceCustomFields with sid 0 and csid 
[11-Oct-2016 13:43:39 Pacific/Auckland] calling getServiceCustomFields with sid 0 and csid 
[11-Oct-2016 13:43:40 Pacific/Auckland] calling getServiceCustomFields with sid 0 and csid 
[11-Oct-2016 13:43:45 Pacific/Auckland] calling getServiceCustomFields with sid 0 and csid 
[11-Oct-2016 13:43:50 Pacific/Auckland] calling getServiceCustomFields with sid 0 and csid 
[11-Oct-2016 13:44:17 Pacific/Auckland] calling getServiceCustomFields with sid 0 and csid 
[11-Oct-2016 13:44:19 Pacific/Auckland] calling getServiceCustomFields with sid 0 and csid 
[11-Oct-2016 13:44:21 Pacific/Auckland] calling getServiceCustomFields with sid 0 and csid 
[11-Oct-2016 13:44:23 Pacific/Auckland] calling getServiceCustomFields with sid 0 and csid 
[11-Oct-2016 13:44:24 Pacific/Auckland] calling getServiceCustomFields with sid 0 and csid 
[11-Oct-2016 13:44:24 Pacific/Auckland] calling getServiceCustomFields with sid 0 and csid 
[11-Oct-2016 13:44:25 Pacific/Auckland] calling getServiceCustomFields with sid 0 and csid 
[11-Oct-2016 13:44:25 Pacific/Auckland] calling getServiceCustomFields with sid 0 and csid 
[11-Oct-2016 13:44:26 Pacific/Auckland] calling getServiceCustomFields with sid 0 and csid 
[11-Oct-2016 13:44:27 Pacific/Auckland] calling getServiceCustomFields with sid 0 and csid 
[11-Oct-2016 13:44:28 Pacific/Auckland] calling getServiceCustomFields with sid 0 and csid 
[11-Oct-2016 13:44:29 Pacific/Auckland] calling getServiceCustomFields with sid 0 and csid 
[11-Oct-2016 13:44:30 Pacific/Auckland] calling getServiceCustomFields with sid 0 and csid 
[11-Oct-2016 13:44:31 Pacific/Auckland] calling getServiceCustomFields with sid 0 and csid 
[11-Oct-2016 13:45:19 Pacific/Auckland] calling getServiceCustomFields with sid 0 and csid 
[11-Oct-2016 13:45:43 Pacific/Auckland] calling getServiceCustomFields with sid 0 and csid 
[11-Oct-2016 13:45:43 Pacific/Auckland] calling getServiceCustomFields with sid 0 and csid 
[11-Oct-2016 13:45:45 Pacific/Auckland] calling getServiceCustomFields with sid 0 and csid 
[11-Oct-2016 13:45:45 Pacific/Auckland] calling getServiceCustomFields with sid 0 and csid 
[11-Oct-2016 13:45:58 Pacific/Auckland] calling getServiceCustomFields with sid 0 and csid 
[11-Oct-2016 13:45:58 Pacific/Auckland] calling getServiceCustomFields with sid 0 and csid 
[11-Oct-2016 13:46:00 Pacific/Auckland] calling getServiceCustomFields with sid 0 and csid 
[11-Oct-2016 13:46:01 Pacific/Auckland] calling getServiceCustomFields with sid 0 and csid 
[11-Oct-2016 13:46:02 Pacific/Auckland] calling getServiceCustomFields with sid 0 and csid 
[11-Oct-2016 13:46:06 Pacific/Auckland] calling getServiceCustomFields with sid 0 and csid 
[11-Oct-2016 13:46:07 Pacific/Auckland] calling getServiceCustomFields with sid 0 and csid 
[11-Oct-2016 13:46:08 Pacific/Auckland] calling getServiceCustomFields with sid 0 and csid 
[11-Oct-2016 13:46:12 Pacific/Auckland] calling getServiceCustomFields with sid 0 and csid 
[11-Oct-2016 13:46:12 Pacific/Auckland] calling getServiceCustomFields with sid 0 and csid 
[11-Oct-2016 13:46:15 Pacific/Auckland] calling getServiceCustomFields with sid 0 and csid 
[11-Oct-2016 13:46:15 Pacific/Auckland] calling getServiceCustomFields with sid 0 and csid 
[11-Oct-2016 13:46:15 Pacific/Auckland] calling getServiceCustomFields with sid 0 and csid 
[11-Oct-2016 13:46:15 Pacific/Auckland] calling getServiceCustomFields with sid 3 and csid 
[11-Oct-2016 13:46:16 Pacific/Auckland] calling getServiceCustomFields with sid 0 and csid 
[11-Oct-2016 13:46:16 Pacific/Auckland] calling getServiceCustomFields with sid 0 and csid 
[11-Oct-2016 13:46:18 Pacific/Auckland] calling getServiceCustomFields with sid 0 and csid 
[11-Oct-2016 13:46:21 Pacific/Auckland] calling getServiceCustomFields with sid 0 and csid 
[11-Oct-2016 13:46:21 Pacific/Auckland] calling getServiceCustomFields with sid 0 and csid 
[11-Oct-2016 13:46:31 Pacific/Auckland] calling getServiceCustomFields with sid 0 and csid 
[11-Oct-2016 13:46:32 Pacific/Auckland] calling getServiceCustomFields with sid 0 and csid 
[11-Oct-2016 13:46:35 Pacific/Auckland] calling getServiceCustomFields with sid 0 and csid 
[11-Oct-2016 13:46:36 Pacific/Auckland] calling getServiceCustomFields with sid 0 and csid 
[11-Oct-2016 13:46:36 Pacific/Auckland] calling getServiceCustomFields with sid 0 and csid 
[11-Oct-2016 13:46:38 Pacific/Auckland] calling getServiceCustomFields with sid 0 and csid 
[11-Oct-2016 13:46:38 Pacific/Auckland] calling getServiceCustomFields with sid 0 and csid 
[11-Oct-2016 13:46:46 Pacific/Auckland] calling getServiceCustomFields with sid 0 and csid 
[11-Oct-2016 13:46:47 Pacific/Auckland] calling getServiceCustomFields with sid 0 and csid 
[11-Oct-2016 13:46:47 Pacific/Auckland] calling getServiceCustomFields with sid 0 and csid 
[11-Oct-2016 13:46:47 Pacific/Auckland] calling getServiceCustomFields with sid 0 and csid 
[11-Oct-2016 13:46:49 Pacific/Auckland] calling getServiceCustomFields with sid 0 and csid 
[11-Oct-2016 13:46:49 Pacific/Auckland] calling getServiceCustomFields with sid 0 and csid 
[11-Oct-2016 13:46:49 Pacific/Auckland] calling getServiceCustomFields with sid 0 and csid 
[11-Oct-2016 13:49:20 Pacific/Auckland] calling getServiceCustomFields with sid 0 and csid 
[11-Oct-2016 13:49:20 Pacific/Auckland] calling getServiceCustomFields with sid 0 and csid 
[11-Oct-2016 13:49:20 Pacific/Auckland] calling getServiceCustomFields with sid 0 and csid 
[11-Oct-2016 13:51:51 Pacific/Auckland] calling getServiceCustomFields with sid 0 and csid 
[11-Oct-2016 13:51:51 Pacific/Auckland] calling getServiceCustomFields with sid 0 and csid 
[11-Oct-2016 13:51:51 Pacific/Auckland] calling getServiceCustomFields with sid 0 and csid 
[11-Oct-2016 13:52:15 Pacific/Auckland] calling getServiceCustomFields with sid 0 and csid 
[11-Oct-2016 13:52:15 Pacific/Auckland] calling getServiceCustomFields with sid 0 and csid 
[11-Oct-2016 13:52:15 Pacific/Auckland] calling getServiceCustomFields with sid 0 and csid 
[11-Oct-2016 13:52:25 Pacific/Auckland] calling getServiceCustomFields with sid 0 and csid 
[11-Oct-2016 13:52:25 Pacific/Auckland] calling getServiceCustomFields with sid 0 and csid 
[11-Oct-2016 13:52:25 Pacific/Auckland] calling getServiceCustomFields with sid 0 and csid 
[11-Oct-2016 13:52:37 Pacific/Auckland] calling getServiceCustomFields with sid 0 and csid 
[11-Oct-2016 13:52:37 Pacific/Auckland] calling getServiceCustomFields with sid 0 and csid 
[11-Oct-2016 13:52:37 Pacific/Auckland] calling getServiceCustomFields with sid 0 and csid 
[11-Oct-2016 13:52:41 Pacific/Auckland] calling getServiceCustomFields with sid 0 and csid 
[11-Oct-2016 13:52:47 Pacific/Auckland] calling getServiceCustomFields with sid 0 and csid 
[11-Oct-2016 13:52:50 Pacific/Auckland] calling getServiceCustomFields with sid 0 and csid 
[11-Oct-2016 13:52:50 Pacific/Auckland] calling getServiceCustomFields with sid 0 and csid 
[11-Oct-2016 13:52:50 Pacific/Auckland] calling getServiceCustomFields with sid 0 and csid 
[11-Oct-2016 13:52:50 Pacific/Auckland] calling getServiceCustomFields with sid 0 and csid 
[11-Oct-2016 13:52:51 Pacific/Auckland] calling getServiceCustomFields with sid 0 and csid 
[11-Oct-2016 13:52:51 Pacific/Auckland] calling getServiceCustomFields with sid 0 and csid 
[11-Oct-2016 13:52:54 Pacific/Auckland] calling getServiceCustomFields with sid 0 and csid 
[11-Oct-2016 13:52:54 Pacific/Auckland] calling getServiceCustomFields with sid 0 and csid 
[11-Oct-2016 13:52:54 Pacific/Auckland] calling getServiceCustomFields with sid 0 and csid 
[11-Oct-2016 13:52:55 Pacific/Auckland] calling getServiceCustomFields with sid 0 and csid 
[11-Oct-2016 13:52:56 Pacific/Auckland] calling getServiceCustomFields with sid 0 and csid 
[11-Oct-2016 13:52:56 Pacific/Auckland] calling getServiceCustomFields with sid 0 and csid 
[11-Oct-2016 13:52:57 Pacific/Auckland] calling getServiceCustomFields with sid 0 and csid 
[11-Oct-2016 13:52:57 Pacific/Auckland] calling getServiceCustomFields with sid 0 and csid 
[11-Oct-2016 13:52:59 Pacific/Auckland] calling getServiceCustomFields with sid 0 and csid 
[11-Oct-2016 13:52:59 Pacific/Auckland] calling getServiceCustomFields with sid 0 and csid 
[11-Oct-2016 13:53:00 Pacific/Auckland] calling getServiceCustomFields with sid 0 and csid 
[11-Oct-2016 13:53:01 Pacific/Auckland] calling getServiceCustomFields with sid 0 and csid 
[11-Oct-2016 13:54:48 Pacific/Auckland] calling getServiceCustomFields with sid 0 and csid 
[11-Oct-2016 13:54:51 Pacific/Auckland] calling getServiceCustomFields with sid 0 and csid 
[11-Oct-2016 13:54:54 Pacific/Auckland] calling getServiceCustomFields with sid 0 and csid 
[11-Oct-2016 13:54:56 Pacific/Auckland] calling getServiceCustomFields with sid 0 and csid 
[11-Oct-2016 13:54:56 Pacific/Auckland] calling getServiceCustomFields with sid 0 and csid 
[11-Oct-2016 13:54:56 Pacific/Auckland] calling getServiceCustomFields with sid 0 and csid 
[11-Oct-2016 13:54:58 Pacific/Auckland] calling getServiceCustomFields with sid 0 and csid 
[11-Oct-2016 13:55:17 Pacific/Auckland] calling getServiceCustomFields with sid 0 and csid 
[11-Oct-2016 13:55:19 Pacific/Auckland] calling getServiceCustomFields with sid 0 and csid 
[11-Oct-2016 13:55:20 Pacific/Auckland] calling getServiceCustomFields with sid 0 and csid 
[11-Oct-2016 13:55:22 Pacific/Auckland] calling getServiceCustomFields with sid 0 and csid 
[11-Oct-2016 13:55:22 Pacific/Auckland] calling getServiceCustomFields with sid 0 and csid 
[11-Oct-2016 13:55:22 Pacific/Auckland] calling getServiceCustomFields with sid 0 and csid 
[11-Oct-2016 13:55:22 Pacific/Auckland] calling getServiceCustomFields with sid 0 and csid 
[11-Oct-2016 13:55:25 Pacific/Auckland] calling getServiceCustomFields with sid 0 and csid 
[11-Oct-2016 13:55:26 Pacific/Auckland] calling getServiceCustomFields with sid 0 and csid 
[11-Oct-2016 13:55:27 Pacific/Auckland] calling getServiceCustomFields with sid 0 and csid 
[11-Oct-2016 13:55:27 Pacific/Auckland] calling getServiceCustomFields with sid 0 and csid 
[11-Oct-2016 13:55:27 Pacific/Auckland] calling getServiceCustomFields with sid 0 and csid 
[11-Oct-2016 13:55:27 Pacific/Auckland] calling getServiceCustomFields with sid 0 and csid 
[11-Oct-2016 13:55:29 Pacific/Auckland] calling getServiceCustomFields with sid 0 and csid 
[11-Oct-2016 13:57:25 Pacific/Auckland] calling getServiceCustomFields with sid 0 and csid 
[11-Oct-2016 13:57:26 Pacific/Auckland] calling getServiceCustomFields with sid 0 and csid 
[11-Oct-2016 13:57:26 Pacific/Auckland] calling getServiceCustomFields with sid 0 and csid 
[11-Oct-2016 13:57:26 Pacific/Auckland] calling getServiceCustomFields with sid 0 and csid 
[11-Oct-2016 13:57:26 Pacific/Auckland] calling getServiceCustomFields with sid 0 and csid 
[11-Oct-2016 13:57:28 Pacific/Auckland] calling getServiceCustomFields with sid 0 and csid 
[11-Oct-2016 13:57:59 Pacific/Auckland] calling getServiceCustomFields with sid 0 and csid 
[11-Oct-2016 13:58:01 Pacific/Auckland] calling getServiceCustomFields with sid 0 and csid 
[11-Oct-2016 13:58:01 Pacific/Auckland] calling getServiceCustomFields with sid 0 and csid 
[11-Oct-2016 13:58:01 Pacific/Auckland] calling getServiceCustomFields with sid 0 and csid 
[11-Oct-2016 13:58:01 Pacific/Auckland] calling getServiceCustomFields with sid 0 and csid 
[11-Oct-2016 13:58:03 Pacific/Auckland] calling getServiceCustomFields with sid 0 and csid 
[11-Oct-2016 13:59:01 Pacific/Auckland] calling getServiceCustomFields with sid 0 and csid 
[11-Oct-2016 13:59:01 Pacific/Auckland] calling getServiceCustomFields with sid 0 and csid 
[11-Oct-2016 13:59:01 Pacific/Auckland] calling getServiceCustomFields with sid 0 and csid 
[11-Oct-2016 13:59:01 Pacific/Auckland] calling getServiceCustomFields with sid 0 and csid 
[11-Oct-2016 13:59:43 Pacific/Auckland] calling getServiceCustomFields with sid 0 and csid 
[11-Oct-2016 13:59:43 Pacific/Auckland] calling getServiceCustomFields with sid 0 and csid 
[11-Oct-2016 13:59:45 Pacific/Auckland] calling getServiceCustomFields with sid 0 and csid 
[11-Oct-2016 13:59:46 Pacific/Auckland] calling getServiceCustomFields with sid 0 and csid 
[11-Oct-2016 13:59:46 Pacific/Auckland] calling getServiceCustomFields with sid 3 and csid 
[11-Oct-2016 14:00:39 Pacific/Auckland] calling getServiceCustomFields with sid 0 and csid 
[11-Oct-2016 14:00:39 Pacific/Auckland] calling getServiceCustomFields with sid 3 and csid 
[11-Oct-2016 14:00:46 Pacific/Auckland] calling getServiceCustomFields with sid 0 and csid 
[11-Oct-2016 14:00:49 Pacific/Auckland] calling getServiceCustomFields with sid 0 and csid 
[11-Oct-2016 14:00:49 Pacific/Auckland] calling getServiceCustomFields with sid 0 and csid 
[11-Oct-2016 14:00:49 Pacific/Auckland] calling getServiceCustomFields with sid 7 and csid 
[11-Oct-2016 14:00:49 Pacific/Auckland] calling getServiceCustomFields with sid 3 and csid 
[11-Oct-2016 14:00:52 Pacific/Auckland] calling getServiceCustomFields with sid 0 and csid 
[11-Oct-2016 14:00:52 Pacific/Auckland] calling getServiceCustomFields with sid 0 and csid 
[11-Oct-2016 14:00:52 Pacific/Auckland] calling getServiceCustomFields with sid 7 and csid 
[11-Oct-2016 14:00:52 Pacific/Auckland] calling getServiceCustomFields with sid 3 and csid 
[11-Oct-2016 14:01:13 Pacific/Auckland] calling getServiceCustomFields with sid 0 and csid 
[11-Oct-2016 14:01:13 Pacific/Auckland] calling getServiceCustomFields with sid 0 and csid 
[11-Oct-2016 14:01:13 Pacific/Auckland] calling getServiceCustomFields with sid 7 and csid 
[11-Oct-2016 14:01:13 Pacific/Auckland] calling getServiceCustomFields with sid 3 and csid 
[11-Oct-2016 14:01:20 Pacific/Auckland] calling getServiceCustomFields with sid 0 and csid 
[11-Oct-2016 14:01:20 Pacific/Auckland] calling getServiceCustomFields with sid 3 and csid 
[11-Oct-2016 14:03:50 Pacific/Auckland] calling getServiceCustomFields with sid 0 and csid 
[11-Oct-2016 14:03:50 Pacific/Auckland] calling getServiceCustomFields with sid 3 and csid 
[11-Oct-2016 14:04:42 Pacific/Auckland] calling getServiceCustomFields with sid 0 and csid 
[11-Oct-2016 14:04:42 Pacific/Auckland] calling getServiceCustomFields with sid 3 and csid 
[11-Oct-2016 14:04:46 Pacific/Auckland] calling getServiceCustomFields with sid 0 and csid 
[11-Oct-2016 14:04:46 Pacific/Auckland] calling getServiceCustomFields with sid 0 and csid 
[11-Oct-2016 14:04:46 Pacific/Auckland] calling getServiceCustomFields with sid 7 and csid 
[11-Oct-2016 14:04:46 Pacific/Auckland] calling getServiceCustomFields with sid 3 and csid 
[11-Oct-2016 14:04:47 Pacific/Auckland] calling getServiceCustomFields with sid 0 and csid 
[11-Oct-2016 14:04:47 Pacific/Auckland] calling getServiceCustomFields with sid 0 and csid 
[11-Oct-2016 14:04:47 Pacific/Auckland] calling getServiceCustomFields with sid 7 and csid 
[11-Oct-2016 14:04:47 Pacific/Auckland] calling getServiceCustomFields with sid 3 and csid 
[11-Oct-2016 14:04:47 Pacific/Auckland] calling getServiceCustomFields with sid 0 and csid 
[11-Oct-2016 14:04:47 Pacific/Auckland] calling getServiceCustomFields with sid 0 and csid 
[11-Oct-2016 14:04:47 Pacific/Auckland] calling getServiceCustomFields with sid 7 and csid 
[11-Oct-2016 14:04:47 Pacific/Auckland] calling getServiceCustomFields with sid 3 and csid 
[11-Oct-2016 14:04:48 Pacific/Auckland] calling getServiceCustomFields with sid 0 and csid 
[11-Oct-2016 14:04:48 Pacific/Auckland] calling getServiceCustomFields with sid 0 and csid 
[11-Oct-2016 14:04:48 Pacific/Auckland] calling getServiceCustomFields with sid 7 and csid 
[11-Oct-2016 14:04:48 Pacific/Auckland] calling getServiceCustomFields with sid 3 and csid 
[11-Oct-2016 14:04:48 Pacific/Auckland] calling getServiceCustomFields with sid 0 and csid 
[11-Oct-2016 14:04:48 Pacific/Auckland] calling getServiceCustomFields with sid 0 and csid 
[11-Oct-2016 14:04:48 Pacific/Auckland] calling getServiceCustomFields with sid 7 and csid 
[11-Oct-2016 14:04:48 Pacific/Auckland] calling getServiceCustomFields with sid 3 and csid 
[11-Oct-2016 14:04:48 Pacific/Auckland] calling getServiceCustomFields with sid 0 and csid 
[11-Oct-2016 14:04:48 Pacific/Auckland] calling getServiceCustomFields with sid 0 and csid 
[11-Oct-2016 14:04:48 Pacific/Auckland] calling getServiceCustomFields with sid 7 and csid 
[11-Oct-2016 14:04:48 Pacific/Auckland] calling getServiceCustomFields with sid 3 and csid 
[11-Oct-2016 14:04:49 Pacific/Auckland] calling getServiceCustomFields with sid 0 and csid 
[11-Oct-2016 14:04:49 Pacific/Auckland] calling getServiceCustomFields with sid 3 and csid 
[11-Oct-2016 15:17:56 Pacific/Auckland] calling getServiceCustomFields with sid 0 and csid 
[11-Oct-2016 15:17:56 Pacific/Auckland] calling getServiceCustomFields with sid 0 and csid 
[11-Oct-2016 15:17:56 Pacific/Auckland] calling getServiceCustomFields with sid 0 and csid 
[11-Oct-2016 15:17:56 Pacific/Auckland] calling getServiceCustomFields with sid 0 and csid 
[11-Oct-2016 15:17:59 Pacific/Auckland] calling getServiceCustomFields with sid 0 and csid 
[11-Oct-2016 15:18:00 Pacific/Auckland] calling getServiceCustomFields with sid 0 and csid 
[11-Oct-2016 15:18:01 Pacific/Auckland] calling getServiceCustomFields with sid 0 and csid 
[11-Oct-2016 15:18:03 Pacific/Auckland] calling getServiceCustomFields with sid 0 and csid 
[11-Oct-2016 15:18:03 Pacific/Auckland] calling getServiceCustomFields with sid 3 and csid 
[11-Oct-2016 15:18:05 Pacific/Auckland] calling getServiceCustomFields with sid 0 and csid 
[11-Oct-2016 15:18:06 Pacific/Auckland] calling getServiceCustomFields with sid 0 and csid 
[11-Oct-2016 15:18:06 Pacific/Auckland] calling getServiceCustomFields with sid 7 and csid 
[11-Oct-2016 15:18:11 Pacific/Auckland] calling getServiceCustomFields with sid 0 and csid 
[11-Oct-2016 15:18:12 Pacific/Auckland] calling getServiceCustomFields with sid 0 and csid 
[11-Oct-2016 15:18:12 Pacific/Auckland] calling getServiceCustomFields with sid 3 and csid 
[11-Oct-2016 15:21:52 Pacific/Auckland] calling getServiceCustomFields with sid 0 and csid 
[11-Oct-2016 15:22:29 Pacific/Auckland] calling getServiceCustomFields with sid 0 and csid 
[11-Oct-2016 15:22:29 Pacific/Auckland] calling getServiceCustomFields with sid 7 and csid 
[11-Oct-2016 15:22:29 Pacific/Auckland] calling getServiceCustomFields with sid 3 and csid 
[11-Oct-2016 15:23:00 Pacific/Auckland] calling getServiceCustomFields with sid 0 and csid 
[11-Oct-2016 15:23:00 Pacific/Auckland] calling getServiceCustomFields with sid 7 and csid 
[11-Oct-2016 15:23:00 Pacific/Auckland] calling getServiceCustomFields with sid 3 and csid 
[11-Oct-2016 15:23:29 Pacific/Auckland] calling getServiceCustomFields with sid 0 and csid 
[11-Oct-2016 15:23:29 Pacific/Auckland] calling getServiceCustomFields with sid 7 and csid 
[11-Oct-2016 15:23:29 Pacific/Auckland] calling getServiceCustomFields with sid 3 and csid 
[11-Oct-2016 15:23:44 Pacific/Auckland] calling getServiceCustomFields with sid 0 and csid 
[11-Oct-2016 15:23:44 Pacific/Auckland] calling getServiceCustomFields with sid 7 and csid 
[11-Oct-2016 15:23:44 Pacific/Auckland] calling getServiceCustomFields with sid 3 and csid 
[11-Oct-2016 15:23:55 Pacific/Auckland] calling getServiceCustomFields with sid 0 and csid 
[11-Oct-2016 15:23:55 Pacific/Auckland] calling getServiceCustomFields with sid 0 and csid 
[11-Oct-2016 15:23:55 Pacific/Auckland] calling getServiceCustomFields with sid 7 and csid 
[11-Oct-2016 15:23:55 Pacific/Auckland] calling getServiceCustomFields with sid 3 and csid 
[11-Oct-2016 15:23:57 Pacific/Auckland] calling getServiceCustomFields with sid 0 and csid 
[11-Oct-2016 15:23:57 Pacific/Auckland] calling getServiceCustomFields with sid 0 and csid 
[11-Oct-2016 15:23:57 Pacific/Auckland] calling getServiceCustomFields with sid 7 and csid 
[11-Oct-2016 15:23:57 Pacific/Auckland] calling getServiceCustomFields with sid 3 and csid 
[11-Oct-2016 15:27:08 Pacific/Auckland] calling getServiceCustomFields with sid 0 and csid 
[11-Oct-2016 15:27:12 Pacific/Auckland] calling getServiceCustomFields with sid 0 and csid 
[11-Oct-2016 15:27:12 Pacific/Auckland] calling getServiceCustomFields with sid 0 and csid 
[11-Oct-2016 15:27:12 Pacific/Auckland] calling getServiceCustomFields with sid 7 and csid 
[11-Oct-2016 15:27:12 Pacific/Auckland] calling getServiceCustomFields with sid 3 and csid 
[11-Oct-2016 15:27:14 Pacific/Auckland] calling getServiceCustomFields with sid 0 and csid 
[11-Oct-2016 15:27:14 Pacific/Auckland] calling getServiceCustomFields with sid 0 and csid 
[11-Oct-2016 15:27:14 Pacific/Auckland] calling getServiceCustomFields with sid 7 and csid 
[11-Oct-2016 15:27:14 Pacific/Auckland] calling getServiceCustomFields with sid 3 and csid 
